c:\projects\gp23-203-opengl-game-djssfmlgameteam\sfml_followbook\debug\vc143.pdb
c:\projects\gp23-203-opengl-game-djssfmlgameteam\sfml_followbook\debug\vc143.idb
c:\projects\gp23-203-opengl-game-djssfmlgameteam\sfml_followbook\debug\main.obj
c:\projects\gp23-203-opengl-game-djssfmlgameteam\sfml_followbook\debug\entity.obj
c:\projects\gp23-203-opengl-game-djssfmlgameteam\sfml_followbook\debug\window.obj
c:\projects\gp23-203-opengl-game-djssfmlgameteam\sfml_followbook\debug\game.obj
c:\projects\gp23-203-opengl-game-djssfmlgameteam\sfml_followbook\debug\sfml_followbook.ilk
c:\projects\gp23-203-opengl-game-djssfmlgameteam\sfml_followbook\debug\sfml_followbook.exe
c:\projects\gp23-203-opengl-game-djssfmlgameteam\sfml_followbook\debug\sfml_followbook.pdb
c:\projects\gp23-203-opengl-game-djssfmlgameteam\sfml_followbook\debug\gamestate.obj
c:\projects\gp23-203-opengl-game-djssfmlgameteam\sfml_followbook\debug\state.obj
c:\projects\gp23-203-opengl-game-djssfmlgameteam\sfml_followbook\debug\sfml_rpg.ilk
c:\projects\gp23-203-opengl-game-djssfmlgameteam\sfml_followbook\debug\sfml_rpg.pdb
c:\projects\gp23-203-opengl-game-djssfmlgameteam\sfml_followbook\debug\sfml_followbook.tlog\cl.command.1.tlog
c:\projects\gp23-203-opengl-game-djssfmlgameteam\sfml_followbook\debug\sfml_followbook.tlog\cl.items.tlog
c:\projects\gp23-203-opengl-game-djssfmlgameteam\sfml_followbook\debug\sfml_followbook.tlog\cl.read.1.tlog
c:\projects\gp23-203-opengl-game-djssfmlgameteam\sfml_followbook\debug\sfml_followbook.tlog\cl.write.1.tlog
c:\projects\gp23-203-opengl-game-djssfmlgameteam\sfml_followbook\debug\sfml_followbook.tlog\link-cvtres.read.1.tlog
c:\projects\gp23-203-opengl-game-djssfmlgameteam\sfml_followbook\debug\sfml_followbook.tlog\link-cvtres.write.1.tlog
c:\projects\gp23-203-opengl-game-djssfmlgameteam\sfml_followbook\debug\sfml_followbook.tlog\link-rc.read.1.tlog
c:\projects\gp23-203-opengl-game-djssfmlgameteam\sfml_followbook\debug\sfml_followbook.tlog\link-rc.write.1.tlog
c:\projects\gp23-203-opengl-game-djssfmlgameteam\sfml_followbook\debug\sfml_followbook.tlog\link.20852-cvtres.read.1.tlog
c:\projects\gp23-203-opengl-game-djssfmlgameteam\sfml_followbook\debug\sfml_followbook.tlog\link.20852-cvtres.write.1.tlog
c:\projects\gp23-203-opengl-game-djssfmlgameteam\sfml_followbook\debug\sfml_followbook.tlog\link.20852-rc.read.1.tlog
c:\projects\gp23-203-opengl-game-djssfmlgameteam\sfml_followbook\debug\sfml_followbook.tlog\link.20852-rc.write.1.tlog
c:\projects\gp23-203-opengl-game-djssfmlgameteam\sfml_followbook\debug\sfml_followbook.tlog\link.20852.read.1.tlog
c:\projects\gp23-203-opengl-game-djssfmlgameteam\sfml_followbook\debug\sfml_followbook.tlog\link.20852.write.1.tlog
c:\projects\gp23-203-opengl-game-djssfmlgameteam\sfml_followbook\debug\sfml_followbook.tlog\link.command.1.tlog
c:\projects\gp23-203-opengl-game-djssfmlgameteam\sfml_followbook\debug\sfml_followbook.tlog\link.read.1.tlog
c:\projects\gp23-203-opengl-game-djssfmlgameteam\sfml_followbook\debug\sfml_followbook.tlog\link.write.1.tlog
